-------------------------------------------------------------------------------
Test set: com.hu.o2o.dao.ProductDaoTest
-------------------------------------------------------------------------------
Tests run: 6, Failures: 0, Errors: 6, Skipped: 0, Time elapsed: 0.361 s <<< FAILURE! - in com.hu.o2o.dao.ProductDaoTest
testAInsertProduct(com.hu.o2o.dao.ProductDaoTest)  Time elapsed: 0 s  <<< ERROR!
java.lang.IllegalStateException: Failed to load ApplicationContext
Caused by: org.springframework.beans.factory.BeanDefinitionStoreException: Invalid bean definition with name 'dataSource' defined in class path resource [spring/spring-dao.xml]: Could not resolve placeholder 'jdbc.url' in value "${jdbc.url}"; nested exception is java.lang.IllegalArgumentException: Could not resolve placeholder 'jdbc.url' in value "${jdbc.url}"
Caused by: java.lang.IllegalArgumentException: Could not resolve placeholder 'jdbc.url' in value "${jdbc.url}"

testBQueryProductList(com.hu.o2o.dao.ProductDaoTest)  Time elapsed: 0 s  <<< ERROR!
java.lang.IllegalStateException: Failed to load ApplicationContext
Caused by: org.springframework.beans.factory.BeanDefinitionStoreException: Invalid bean definition with name 'dataSource' defined in class path resource [spring/spring-dao.xml]: Could not resolve placeholder 'jdbc.url' in value "${jdbc.url}"; nested exception is java.lang.IllegalArgumentException: Could not resolve placeholder 'jdbc.url' in value "${jdbc.url}"
Caused by: java.lang.IllegalArgumentException: Could not resolve placeholder 'jdbc.url' in value "${jdbc.url}"

testCQueryProductByProductId(com.hu.o2o.dao.ProductDaoTest)  Time elapsed: 0 s  <<< ERROR!
java.lang.IllegalStateException: Failed to load ApplicationContext
Caused by: org.springframework.beans.factory.BeanDefinitionStoreException: Invalid bean definition with name 'dataSource' defined in class path resource [spring/spring-dao.xml]: Could not resolve placeholder 'jdbc.url' in value "${jdbc.url}"; nested exception is java.lang.IllegalArgumentException: Could not resolve placeholder 'jdbc.url' in value "${jdbc.url}"
Caused by: java.lang.IllegalArgumentException: Could not resolve placeholder 'jdbc.url' in value "${jdbc.url}"

testDUpdateProduct(com.hu.o2o.dao.ProductDaoTest)  Time elapsed: 0 s  <<< ERROR!
java.lang.IllegalStateException: Failed to load ApplicationContext
Caused by: org.springframework.beans.factory.BeanDefinitionStoreException: Invalid bean definition with name 'dataSource' defined in class path resource [spring/spring-dao.xml]: Could not resolve placeholder 'jdbc.url' in value "${jdbc.url}"; nested exception is java.lang.IllegalArgumentException: Could not resolve placeholder 'jdbc.url' in value "${jdbc.url}"
Caused by: java.lang.IllegalArgumentException: Could not resolve placeholder 'jdbc.url' in value "${jdbc.url}"

testEUpdateProductCategoryToNull(com.hu.o2o.dao.ProductDaoTest)  Time elapsed: 0 s  <<< ERROR!
java.lang.IllegalStateException: Failed to load ApplicationContext
Caused by: org.springframework.beans.factory.BeanDefinitionStoreException: Invalid bean definition with name 'dataSource' defined in class path resource [spring/spring-dao.xml]: Could not resolve placeholder 'jdbc.url' in value "${jdbc.url}"; nested exception is java.lang.IllegalArgumentException: Could not resolve placeholder 'jdbc.url' in value "${jdbc.url}"
Caused by: java.lang.IllegalArgumentException: Could not resolve placeholder 'jdbc.url' in value "${jdbc.url}"

testFDeleteShopAuthMap(com.hu.o2o.dao.ProductDaoTest)  Time elapsed: 0 s  <<< ERROR!
java.lang.IllegalStateException: Failed to load ApplicationContext
Caused by: org.springframework.beans.factory.BeanDefinitionStoreException: Invalid bean definition with name 'dataSource' defined in class path resource [spring/spring-dao.xml]: Could not resolve placeholder 'jdbc.url' in value "${jdbc.url}"; nested exception is java.lang.IllegalArgumentException: Could not resolve placeholder 'jdbc.url' in value "${jdbc.url}"
Caused by: java.lang.IllegalArgumentException: Could not resolve placeholder 'jdbc.url' in value "${jdbc.url}"

