-------------------------------------------------------------------------------
Test set: com.hu.o2o.BaseTest
-------------------------------------------------------------------------------
Tests run: 1, Failures: 0, Errors: 1, Skipped: 0, Time elapsed: 0.207 s <<< FAILURE! - in com.hu.o2o.BaseTest
initializationError(com.hu.o2o.BaseTest)  Time elapsed: 0.005 s  <<< ERROR!
java.lang.Exception: No runnable methods

